-- The C compiler identification is GNU 13.3.0
-- The CXX compiler identification is GNU 13.3.0
-- Detecting C compiler ABI info
-- Detecting C compiler ABI info - done
-- Check for working C compiler: /usr/bin/cc - skipped
-- Detecting C compile features
-- Detecting C compile features - done
-- Detecting CXX compiler ABI info
-- Detecting CXX compiler ABI info - done
-- Check for working CXX compiler: /usr/bin/c++ - skipped
-- Detecting CXX compile features
-- Detecting CXX compile features - done
-- Found ament_cmake: 2.5.6 (/opt/ros/jazzy/share/ament_cmake/cmake)
-- Found Python3: /usr/bin/python3 (found version "3.12.3") found components: Interpreter 
-- Override CMake install command with custom implementation using symlinks instead of copying resources
-- Found rclcpp: 28.1.18 (/opt/ros/jazzy/share/rclcpp/cmake)
-- Found rosidl_generator_c: 4.6.7 (/opt/ros/jazzy/share/rosidl_generator_c/cmake)
-- Found rosidl_generator_cpp: 4.6.7 (/opt/ros/jazzy/share/rosidl_generator_cpp/cmake)
-- Using all available rosidl_typesupport_c: rosidl_typesupport_fastrtps_c;rosidl_typesupport_introspection_c
-- Using all available rosidl_typesupport_cpp: rosidl_typesupport_fastrtps_cpp;rosidl_typesupport_introspection_cpp
-- Found rmw_implementation_cmake: 7.3.3 (/opt/ros/jazzy/share/rmw_implementation_cmake/cmake)
-- Found rmw_fastrtps_cpp: 8.4.3 (/opt/ros/jazzy/share/rmw_fastrtps_cpp/cmake)
-- Found OpenSSL: /usr/lib/x86_64-linux-gnu/libcrypto.so (found version "3.0.13")  
-- Found FastRTPS: /opt/ros/jazzy/include (Required is at least version "2.13") 
-- Using RMW implementation 'rmw_fastrtps_cpp' as default
-- Found rclpy: 7.1.11 (/opt/ros/jazzy/share/rclpy/cmake)
-- Found std_msgs: 5.3.7 (/opt/ros/jazzy/share/std_msgs/cmake)
-- Found geometry_msgs: 5.3.7 (/opt/ros/jazzy/share/geometry_msgs/cmake)
-- Found sensor_msgs: 5.3.7 (/opt/ros/jazzy/share/sensor_msgs/cmake)
-- Found nav_msgs: 5.3.7 (/opt/ros/jazzy/share/nav_msgs/cmake)
-- Found tf2_ros: 0.36.20 (/opt/ros/jazzy/share/tf2_ros/cmake)
-- Configuring done (2.5s)
-- Generating done (0.0s)
-- Build files have been written to: /home/khanhtrinh/trinh/3WD_OMNI_ROBOT/diff/build/diff
-- Install configuration: ""
-- Execute custom install script
-- Symlinking: /home/khanhtrinh/trinh/3WD_OMNI_ROBOT/diff/install/diff/share/diff/launch/sim.launch.py
-- Symlinking: /home/khanhtrinh/trinh/3WD_OMNI_ROBOT/diff/install/diff/share/diff/urdf/main.urdf.xacro
-- Symlinking: /home/khanhtrinh/trinh/3WD_OMNI_ROBOT/diff/install/diff/share/diff/urdf/roller.urdf.xacro
-- Symlinking: /home/khanhtrinh/trinh/3WD_OMNI_ROBOT/diff/install/diff/share/diff/mesh/base_cift.stl
-- Symlinking: /home/khanhtrinh/trinh/3WD_OMNI_ROBOT/diff/install/diff/share/diff/mesh/rim.stl
-- Symlinking: /home/khanhtrinh/trinh/3WD_OMNI_ROBOT/diff/install/diff/share/diff/mesh/roller.stl
-- Symlinking: /home/khanhtrinh/trinh/3WD_OMNI_ROBOT/diff/install/diff/share/diff/config/omni_wheel_drive_controller.yaml
-- Symlinking: /home/khanhtrinh/trinh/3WD_OMNI_ROBOT/diff/install/diff/lib/diff/lidar_veri_anl.py
-- Symlinking: /home/khanhtrinh/trinh/3WD_OMNI_ROBOT/diff/install/diff/lib/diff/lidar_veri.py
-- Symlinking: /home/khanhtrinh/trinh/3WD_OMNI_ROBOT/diff/install/diff/lib/diff/otonom1.py
-- Symlinking: /home/khanhtrinh/trinh/3WD_OMNI_ROBOT/diff/install/diff/share/ament_index/resource_index/package_run_dependencies/diff
-- Symlinking: /home/khanhtrinh/trinh/3WD_OMNI_ROBOT/diff/install/diff/share/ament_index/resource_index/parent_prefix_path/diff
-- Symlinking: /home/khanhtrinh/trinh/3WD_OMNI_ROBOT/diff/install/diff/share/diff/environment/ament_prefix_path.sh
-- Symlinking: /home/khanhtrinh/trinh/3WD_OMNI_ROBOT/diff/install/diff/share/diff/environment/ament_prefix_path.dsv
-- Symlinking: /home/khanhtrinh/trinh/3WD_OMNI_ROBOT/diff/install/diff/share/diff/environment/path.sh
-- Symlinking: /home/khanhtrinh/trinh/3WD_OMNI_ROBOT/diff/install/diff/share/diff/environment/path.dsv
-- Symlinking: /home/khanhtrinh/trinh/3WD_OMNI_ROBOT/diff/install/diff/share/diff/local_setup.bash
-- Symlinking: /home/khanhtrinh/trinh/3WD_OMNI_ROBOT/diff/install/diff/share/diff/local_setup.sh
-- Symlinking: /home/khanhtrinh/trinh/3WD_OMNI_ROBOT/diff/install/diff/share/diff/local_setup.zsh
-- Symlinking: /home/khanhtrinh/trinh/3WD_OMNI_ROBOT/diff/install/diff/share/diff/local_setup.dsv
-- Symlinking: /home/khanhtrinh/trinh/3WD_OMNI_ROBOT/diff/install/diff/share/diff/package.dsv
-- Symlinking: /home/khanhtrinh/trinh/3WD_OMNI_ROBOT/diff/install/diff/share/ament_index/resource_index/packages/diff
-- Symlinking: /home/khanhtrinh/trinh/3WD_OMNI_ROBOT/diff/install/diff/share/diff/cmake/diffConfig.cmake
-- Symlinking: /home/khanhtrinh/trinh/3WD_OMNI_ROBOT/diff/install/diff/share/diff/cmake/diffConfig-version.cmake
-- Symlinking: /home/khanhtrinh/trinh/3WD_OMNI_ROBOT/diff/install/diff/share/diff/package.xml
