[0.013s] Invoking command in '/home/khanhtrinh/trinh/3WD_OMNI_ROBOT/diff/build/diff': CMAKE_PREFIX_PATH=${CMAKE_PREFIX_PATH}:/opt/ros/jazzy DEBUGINFOD_URLS=https://debuginfod.ubuntu.com /usr/bin/cmake /home/khanhtrinh/trinh/3WD_OMNI_ROBOT/diff -DAMENT_CMAKE_SYMLINK_INSTALL=1 -DCMAKE_INSTALL_PREFIX=/home/khanhtrinh/trinh/3WD_OMNI_ROBOT/diff/install/diff
[0.143s] -- The C compiler identification is GNU 13.3.0
[0.310s] -- The CXX compiler identification is GNU 13.3.0
[0.345s] -- Detecting C compiler ABI info
[0.547s] -- Detecting C compiler ABI info - done
[0.568s] -- Check for working C compiler: /usr/bin/cc - skipped
[0.569s] -- Detecting C compile features
[0.570s] -- Detecting C compile features - done
[0.588s] -- Detecting CXX compiler ABI info
[0.806s] -- Detecting CXX compiler ABI info - done
[0.819s] -- Check for working CXX compiler: /usr/bin/c++ - skipped
[0.819s] -- Detecting CXX compile features
[0.821s] -- Detecting CXX compile features - done
[0.839s] -- Found ament_cmake: 2.5.6 (/opt/ros/jazzy/share/ament_cmake/cmake)
[1.135s] -- Found Python3: /usr/bin/python3 (found version "3.12.3") found components: Interpreter 
[1.274s] -- Override CMake install command with custom implementation using symlinks instead of copying resources
[1.358s] -- Found rclcpp: 28.1.18 (/opt/ros/jazzy/share/rclcpp/cmake)
[1.426s] -- Found rosidl_generator_c: 4.6.7 (/opt/ros/jazzy/share/rosidl_generator_c/cmake)
[1.447s] -- Found rosidl_generator_cpp: 4.6.7 (/opt/ros/jazzy/share/rosidl_generator_cpp/cmake)
[1.473s] -- Using all available rosidl_typesupport_c: rosidl_typesupport_fastrtps_c;rosidl_typesupport_introspection_c
[1.516s] -- Using all available rosidl_typesupport_cpp: rosidl_typesupport_fastrtps_cpp;rosidl_typesupport_introspection_cpp
[1.694s] -- Found rmw_implementation_cmake: 7.3.3 (/opt/ros/jazzy/share/rmw_implementation_cmake/cmake)
[1.705s] -- Found rmw_fastrtps_cpp: 8.4.3 (/opt/ros/jazzy/share/rmw_fastrtps_cpp/cmake)
[1.891s] -- Found OpenSSL: /usr/lib/x86_64-linux-gnu/libcrypto.so (found version "3.0.13")  
[1.939s] -- Found FastRTPS: /opt/ros/jazzy/include (Required is at least version "2.13") 
[1.971s] -- Using RMW implementation 'rmw_fastrtps_cpp' as default
[2.080s] -- Found rclpy: 7.1.11 (/opt/ros/jazzy/share/rclpy/cmake)
[2.083s] -- Found std_msgs: 5.3.7 (/opt/ros/jazzy/share/std_msgs/cmake)
[2.106s] -- Found geometry_msgs: 5.3.7 (/opt/ros/jazzy/share/geometry_msgs/cmake)
[2.133s] -- Found sensor_msgs: 5.3.7 (/opt/ros/jazzy/share/sensor_msgs/cmake)
[2.168s] -- Found nav_msgs: 5.3.7 (/opt/ros/jazzy/share/nav_msgs/cmake)
[2.203s] -- Found tf2_ros: 0.36.20 (/opt/ros/jazzy/share/tf2_ros/cmake)
[2.570s] -- Configuring done (2.5s)
[2.575s] -- Generating done (0.0s)
[2.578s] -- Build files have been written to: /home/khanhtrinh/trinh/3WD_OMNI_ROBOT/diff/build/diff
[2.592s] Invoked command in '/home/khanhtrinh/trinh/3WD_OMNI_ROBOT/diff/build/diff' returned '0': CMAKE_PREFIX_PATH=${CMAKE_PREFIX_PATH}:/opt/ros/jazzy DEBUGINFOD_URLS=https://debuginfod.ubuntu.com /usr/bin/cmake /home/khanhtrinh/trinh/3WD_OMNI_ROBOT/diff -DAMENT_CMAKE_SYMLINK_INSTALL=1 -DCMAKE_INSTALL_PREFIX=/home/khanhtrinh/trinh/3WD_OMNI_ROBOT/diff/install/diff
[2.594s] Invoking command in '/home/khanhtrinh/trinh/3WD_OMNI_ROBOT/diff/build/diff': CMAKE_PREFIX_PATH=${CMAKE_PREFIX_PATH}:/opt/ros/jazzy DEBUGINFOD_URLS=https://debuginfod.ubuntu.com /usr/bin/cmake --build /home/khanhtrinh/trinh/3WD_OMNI_ROBOT/diff/build/diff -- -j16 -l16
[2.685s] Invoked command in '/home/khanhtrinh/trinh/3WD_OMNI_ROBOT/diff/build/diff' returned '0': CMAKE_PREFIX_PATH=${CMAKE_PREFIX_PATH}:/opt/ros/jazzy DEBUGINFOD_URLS=https://debuginfod.ubuntu.com /usr/bin/cmake --build /home/khanhtrinh/trinh/3WD_OMNI_ROBOT/diff/build/diff -- -j16 -l16
[2.705s] Invoking command in '/home/khanhtrinh/trinh/3WD_OMNI_ROBOT/diff/build/diff': CMAKE_PREFIX_PATH=${CMAKE_PREFIX_PATH}:/opt/ros/jazzy DEBUGINFOD_URLS=https://debuginfod.ubuntu.com /usr/bin/cmake --install /home/khanhtrinh/trinh/3WD_OMNI_ROBOT/diff/build/diff
[2.727s] -- Install configuration: ""
[2.727s] -- Execute custom install script
[2.728s] -- Symlinking: /home/khanhtrinh/trinh/3WD_OMNI_ROBOT/diff/install/diff/share/diff/launch/sim.launch.py
[2.747s] -- Symlinking: /home/khanhtrinh/trinh/3WD_OMNI_ROBOT/diff/install/diff/share/diff/urdf/main.urdf.xacro
[2.767s] -- Symlinking: /home/khanhtrinh/trinh/3WD_OMNI_ROBOT/diff/install/diff/share/diff/urdf/roller.urdf.xacro
[2.786s] -- Symlinking: /home/khanhtrinh/trinh/3WD_OMNI_ROBOT/diff/install/diff/share/diff/mesh/base_cift.stl
[2.804s] -- Symlinking: /home/khanhtrinh/trinh/3WD_OMNI_ROBOT/diff/install/diff/share/diff/mesh/rim.stl
[2.824s] -- Symlinking: /home/khanhtrinh/trinh/3WD_OMNI_ROBOT/diff/install/diff/share/diff/mesh/roller.stl
[2.845s] -- Symlinking: /home/khanhtrinh/trinh/3WD_OMNI_ROBOT/diff/install/diff/share/diff/config/omni_wheel_drive_controller.yaml
[2.863s] -- Symlinking: /home/khanhtrinh/trinh/3WD_OMNI_ROBOT/diff/install/diff/lib/diff/lidar_veri_anl.py
[2.876s] -- Symlinking: /home/khanhtrinh/trinh/3WD_OMNI_ROBOT/diff/install/diff/lib/diff/lidar_veri.py
[2.888s] -- Symlinking: /home/khanhtrinh/trinh/3WD_OMNI_ROBOT/diff/install/diff/lib/diff/otonom1.py
[2.898s] -- Symlinking: /home/khanhtrinh/trinh/3WD_OMNI_ROBOT/diff/install/diff/share/ament_index/resource_index/package_run_dependencies/diff
[2.914s] -- Symlinking: /home/khanhtrinh/trinh/3WD_OMNI_ROBOT/diff/install/diff/share/ament_index/resource_index/parent_prefix_path/diff
[2.936s] -- Symlinking: /home/khanhtrinh/trinh/3WD_OMNI_ROBOT/diff/install/diff/share/diff/environment/ament_prefix_path.sh
[2.952s] -- Symlinking: /home/khanhtrinh/trinh/3WD_OMNI_ROBOT/diff/install/diff/share/diff/environment/ament_prefix_path.dsv
[2.964s] -- Symlinking: /home/khanhtrinh/trinh/3WD_OMNI_ROBOT/diff/install/diff/share/diff/environment/path.sh
[2.979s] -- Symlinking: /home/khanhtrinh/trinh/3WD_OMNI_ROBOT/diff/install/diff/share/diff/environment/path.dsv
[2.998s] -- Symlinking: /home/khanhtrinh/trinh/3WD_OMNI_ROBOT/diff/install/diff/share/diff/local_setup.bash
[3.013s] -- Symlinking: /home/khanhtrinh/trinh/3WD_OMNI_ROBOT/diff/install/diff/share/diff/local_setup.sh
[3.026s] -- Symlinking: /home/khanhtrinh/trinh/3WD_OMNI_ROBOT/diff/install/diff/share/diff/local_setup.zsh
[3.036s] -- Symlinking: /home/khanhtrinh/trinh/3WD_OMNI_ROBOT/diff/install/diff/share/diff/local_setup.dsv
[3.045s] -- Symlinking: /home/khanhtrinh/trinh/3WD_OMNI_ROBOT/diff/install/diff/share/diff/package.dsv
[3.055s] -- Symlinking: /home/khanhtrinh/trinh/3WD_OMNI_ROBOT/diff/install/diff/share/ament_index/resource_index/packages/diff
[3.065s] -- Symlinking: /home/khanhtrinh/trinh/3WD_OMNI_ROBOT/diff/install/diff/share/diff/cmake/diffConfig.cmake
[3.075s] -- Symlinking: /home/khanhtrinh/trinh/3WD_OMNI_ROBOT/diff/install/diff/share/diff/cmake/diffConfig-version.cmake
[3.086s] -- Symlinking: /home/khanhtrinh/trinh/3WD_OMNI_ROBOT/diff/install/diff/share/diff/package.xml
[3.097s] Invoked command in '/home/khanhtrinh/trinh/3WD_OMNI_ROBOT/diff/build/diff' returned '0': CMAKE_PREFIX_PATH=${CMAKE_PREFIX_PATH}:/opt/ros/jazzy DEBUGINFOD_URLS=https://debuginfod.ubuntu.com /usr/bin/cmake --install /home/khanhtrinh/trinh/3WD_OMNI_ROBOT/diff/build/diff
