[0.275s] DEBUG:colcon:Command line arguments: ['/usr/bin/colcon', 'build', '--packages-select', 'diff', '--symlink-install']
[0.275s] DEBUG:colcon:Parsed command line arguments: Namespace(log_base=None, log_level=None, verb_name='build', build_base='build', install_base='install', merge_install=False, symlink_install=True, test_result_base=None, continue_on_error=False, executor='parallel', parallel_workers=16, event_handlers=None, ignore_user_meta=False, metas=['./colcon.meta'], base_paths=['.'], packages_ignore=None, packages_ignore_regex=None, paths=None, packages_up_to=None, packages_up_to_regex=None, packages_above=None, packages_above_and_dependencies=None, packages_above_depth=None, packages_select_by_dep=None, packages_skip_by_dep=None, packages_skip_up_to=None, packages_select_build_failed=False, packages_skip_build_finished=False, packages_select_test_failures=False, packages_skip_test_passed=False, packages_select=['diff'], packages_skip=None, packages_select_regex=None, packages_skip_regex=None, packages_start=None, packages_end=None, allow_overriding=[], cmake_args=None, cmake_target=None, cmake_target_skip_unavailable=False, cmake_clean_cache=False, cmake_clean_first=False, cmake_force_configure=False, ament_cmake_args=None, catkin_cmake_args=None, catkin_skip_building_tests=False, mixin_files=None, mixin=None, verb_parser=<colcon_mixin.mixin.mixin_argument.MixinArgumentDecorator object at 0x7092592803b0>, verb_extension=<colcon_core.verb.build.BuildVerb object at 0x709259202150>, main=<bound method BuildVerb.main of <colcon_core.verb.build.BuildVerb object at 0x709259202150>>, mixin_verb=('build',))
[0.368s] Level 1:colcon.colcon_core.package_discovery:discover_packages(colcon_meta) check parameters
[0.369s] Level 1:colcon.colcon_core.package_discovery:discover_packages(recursive) check parameters
[0.369s] Level 1:colcon.colcon_core.package_discovery:discover_packages(ignore) check parameters
[0.369s] Level 1:colcon.colcon_core.package_discovery:discover_packages(path) check parameters
[0.369s] Level 1:colcon.colcon_core.package_discovery:discover_packages(colcon_meta) discover
[0.369s] Level 1:colcon.colcon_core.package_discovery:discover_packages(recursive) discover
[0.369s] INFO:colcon.colcon_core.package_discovery:Crawling recursively for packages in '/home/khanhtrinh/trinh/3WD_OMNI_ROBOT/diff'
[0.369s] Level 1:colcon.colcon_core.package_identification:_identify(.) by extensions ['ignore', 'ignore_ament_install']
[0.369s] Level 1:colcon.colcon_core.package_identification:_identify(.) by extension 'ignore'
[0.369s] Level 1:colcon.colcon_core.package_identification:_identify(.) by extension 'ignore_ament_install'
[0.369s] Level 1:colcon.colcon_core.package_identification:_identify(.) by extensions ['colcon_pkg']
[0.369s] Level 1:colcon.colcon_core.package_identification:_identify(.) by extension 'colcon_pkg'
[0.369s] Level 1:colcon.colcon_core.package_identification:_identify(.) by extensions ['colcon_meta']
[0.369s] Level 1:colcon.colcon_core.package_identification:_identify(.) by extension 'colcon_meta'
[0.369s] Level 1:colcon.colcon_core.package_identification:_identify(.) by extensions ['ros']
[0.369s] Level 1:colcon.colcon_core.package_identification:_identify(.) by extension 'ros'
[0.410s] DEBUG:colcon.colcon_core.package_identification:Package '.' with type 'ros.ament_cmake' and name 'diff'
[0.410s] Level 1:colcon.colcon_core.package_discovery:discover_packages(recursive) using defaults
[0.410s] Level 1:colcon.colcon_core.package_discovery:discover_packages(ignore) discover
[0.410s] Level 1:colcon.colcon_core.package_discovery:discover_packages(ignore) using defaults
[0.410s] Level 1:colcon.colcon_core.package_discovery:discover_packages(path) discover
[0.410s] Level 1:colcon.colcon_core.package_discovery:discover_packages(path) using defaults
[0.434s] Level 1:colcon.colcon_core.package_discovery:discover_packages(prefix_path) check parameters
[0.434s] Level 1:colcon.colcon_core.package_discovery:discover_packages(prefix_path) discover
[0.439s] DEBUG:colcon.colcon_installed_package_information.package_discovery:Found 323 installed packages in /opt/ros/jazzy
[0.440s] Level 1:colcon.colcon_core.package_discovery:discover_packages(prefix_path) using defaults
[0.488s] Level 5:colcon.colcon_core.verb:set package 'diff' build argument 'cmake_args' from command line to 'None'
[0.488s] Level 5:colcon.colcon_core.verb:set package 'diff' build argument 'cmake_target' from command line to 'None'
[0.488s] Level 5:colcon.colcon_core.verb:set package 'diff' build argument 'cmake_target_skip_unavailable' from command line to 'False'
[0.488s] Level 5:colcon.colcon_core.verb:set package 'diff' build argument 'cmake_clean_cache' from command line to 'False'
[0.488s] Level 5:colcon.colcon_core.verb:set package 'diff' build argument 'cmake_clean_first' from command line to 'False'
[0.488s] Level 5:colcon.colcon_core.verb:set package 'diff' build argument 'cmake_force_configure' from command line to 'False'
[0.488s] Level 5:colcon.colcon_core.verb:set package 'diff' build argument 'ament_cmake_args' from command line to 'None'
[0.488s] Level 5:colcon.colcon_core.verb:set package 'diff' build argument 'catkin_cmake_args' from command line to 'None'
[0.488s] Level 5:colcon.colcon_core.verb:set package 'diff' build argument 'catkin_skip_building_tests' from command line to 'False'
[0.488s] DEBUG:colcon.colcon_core.verb:Building package 'diff' with the following arguments: {'ament_cmake_args': None, 'build_base': '/home/khanhtrinh/trinh/3WD_OMNI_ROBOT/diff/build/diff', 'catkin_cmake_args': None, 'catkin_skip_building_tests': False, 'cmake_args': None, 'cmake_clean_cache': False, 'cmake_clean_first': False, 'cmake_force_configure': False, 'cmake_target': None, 'cmake_target_skip_unavailable': False, 'install_base': '/home/khanhtrinh/trinh/3WD_OMNI_ROBOT/diff/install/diff', 'merge_install': False, 'path': '/home/khanhtrinh/trinh/3WD_OMNI_ROBOT/diff', 'symlink_install': True, 'test_result_base': None}
[0.488s] INFO:colcon.colcon_core.executor:Executing jobs using 'parallel' executor
[0.490s] DEBUG:colcon.colcon_parallel_executor.executor.parallel:run_until_complete
[0.490s] INFO:colcon.colcon_ros.task.ament_cmake.build:Building ROS package in '/home/khanhtrinh/trinh/3WD_OMNI_ROBOT/diff' with build type 'ament_cmake'
[0.490s] INFO:colcon.colcon_cmake.task.cmake.build:Building CMake package in '/home/khanhtrinh/trinh/3WD_OMNI_ROBOT/diff'
[0.494s] INFO:colcon.colcon_core.plugin_system:Skipping extension 'colcon_core.shell.bat': Not used on non-Windows systems
[0.494s] INFO:colcon.colcon_core.shell:Skip shell extension 'powershell' for command environment: Not usable outside of PowerShell
[0.494s] DEBUG:colcon.colcon_core.shell:Skip shell extension 'dsv' for command environment
[0.504s] DEBUG:colcon.colcon_core.event_handler.log_command:Invoking command in '/home/khanhtrinh/trinh/3WD_OMNI_ROBOT/diff/build/diff': CMAKE_PREFIX_PATH=${CMAKE_PREFIX_PATH}:/opt/ros/jazzy DEBUGINFOD_URLS=https://debuginfod.ubuntu.com /usr/bin/cmake /home/khanhtrinh/trinh/3WD_OMNI_ROBOT/diff -DAMENT_CMAKE_SYMLINK_INSTALL=1 -DCMAKE_INSTALL_PREFIX=/home/khanhtrinh/trinh/3WD_OMNI_ROBOT/diff/install/diff
[3.083s] DEBUG:colcon.colcon_core.event_handler.log_command:Invoked command in '/home/khanhtrinh/trinh/3WD_OMNI_ROBOT/diff/build/diff' returned '0': CMAKE_PREFIX_PATH=${CMAKE_PREFIX_PATH}:/opt/ros/jazzy DEBUGINFOD_URLS=https://debuginfod.ubuntu.com /usr/bin/cmake /home/khanhtrinh/trinh/3WD_OMNI_ROBOT/diff -DAMENT_CMAKE_SYMLINK_INSTALL=1 -DCMAKE_INSTALL_PREFIX=/home/khanhtrinh/trinh/3WD_OMNI_ROBOT/diff/install/diff
[3.084s] DEBUG:colcon.colcon_core.event_handler.log_command:Invoking command in '/home/khanhtrinh/trinh/3WD_OMNI_ROBOT/diff/build/diff': CMAKE_PREFIX_PATH=${CMAKE_PREFIX_PATH}:/opt/ros/jazzy DEBUGINFOD_URLS=https://debuginfod.ubuntu.com /usr/bin/cmake --build /home/khanhtrinh/trinh/3WD_OMNI_ROBOT/diff/build/diff -- -j16 -l16
[3.176s] DEBUG:colcon.colcon_core.event_handler.log_command:Invoked command in '/home/khanhtrinh/trinh/3WD_OMNI_ROBOT/diff/build/diff' returned '0': CMAKE_PREFIX_PATH=${CMAKE_PREFIX_PATH}:/opt/ros/jazzy DEBUGINFOD_URLS=https://debuginfod.ubuntu.com /usr/bin/cmake --build /home/khanhtrinh/trinh/3WD_OMNI_ROBOT/diff/build/diff -- -j16 -l16
[3.196s] DEBUG:colcon.colcon_core.event_handler.log_command:Invoking command in '/home/khanhtrinh/trinh/3WD_OMNI_ROBOT/diff/build/diff': CMAKE_PREFIX_PATH=${CMAKE_PREFIX_PATH}:/opt/ros/jazzy DEBUGINFOD_URLS=https://debuginfod.ubuntu.com /usr/bin/cmake --install /home/khanhtrinh/trinh/3WD_OMNI_ROBOT/diff/build/diff
[3.587s] Level 1:colcon.colcon_core.environment:create_environment_scripts_only(diff)
[3.587s] DEBUG:colcon.colcon_core.event_handler.log_command:Invoked command in '/home/khanhtrinh/trinh/3WD_OMNI_ROBOT/diff/build/diff' returned '0': CMAKE_PREFIX_PATH=${CMAKE_PREFIX_PATH}:/opt/ros/jazzy DEBUGINFOD_URLS=https://debuginfod.ubuntu.com /usr/bin/cmake --install /home/khanhtrinh/trinh/3WD_OMNI_ROBOT/diff/build/diff
[3.603s] Level 1:colcon.colcon_core.environment:checking '/home/khanhtrinh/trinh/3WD_OMNI_ROBOT/diff/install/diff' for CMake module files
[3.605s] Level 1:colcon.colcon_core.environment:checking '/home/khanhtrinh/trinh/3WD_OMNI_ROBOT/diff/install/diff' for CMake config files
[3.606s] Level 1:colcon.colcon_core.shell:create_environment_hook('diff', 'cmake_prefix_path')
[3.607s] INFO:colcon.colcon_core.shell:Creating environment hook '/home/khanhtrinh/trinh/3WD_OMNI_ROBOT/diff/install/diff/share/diff/hook/cmake_prefix_path.ps1'
[3.609s] INFO:colcon.colcon_core.shell:Creating environment descriptor '/home/khanhtrinh/trinh/3WD_OMNI_ROBOT/diff/install/diff/share/diff/hook/cmake_prefix_path.dsv'
[3.610s] INFO:colcon.colcon_core.shell:Creating environment hook '/home/khanhtrinh/trinh/3WD_OMNI_ROBOT/diff/install/diff/share/diff/hook/cmake_prefix_path.sh'
[3.613s] Level 1:colcon.colcon_core.environment:checking '/home/khanhtrinh/trinh/3WD_OMNI_ROBOT/diff/install/diff/lib'
[3.614s] Level 1:colcon.colcon_core.environment:checking '/home/khanhtrinh/trinh/3WD_OMNI_ROBOT/diff/install/diff/bin'
[3.614s] Level 1:colcon.colcon_core.environment:checking '/home/khanhtrinh/trinh/3WD_OMNI_ROBOT/diff/install/diff/lib/pkgconfig/diff.pc'
[3.615s] Level 1:colcon.colcon_core.environment:checking '/home/khanhtrinh/trinh/3WD_OMNI_ROBOT/diff/install/diff/lib/python3.12/site-packages'
[3.616s] Level 1:colcon.colcon_core.environment:checking '/home/khanhtrinh/trinh/3WD_OMNI_ROBOT/diff/install/diff/bin'
[3.617s] INFO:colcon.colcon_core.shell:Creating package script '/home/khanhtrinh/trinh/3WD_OMNI_ROBOT/diff/install/diff/share/diff/package.ps1'
[3.621s] INFO:colcon.colcon_core.shell:Creating package descriptor '/home/khanhtrinh/trinh/3WD_OMNI_ROBOT/diff/install/diff/share/diff/package.dsv'
[3.623s] INFO:colcon.colcon_core.shell:Creating package script '/home/khanhtrinh/trinh/3WD_OMNI_ROBOT/diff/install/diff/share/diff/package.sh'
[3.624s] INFO:colcon.colcon_core.shell:Creating package script '/home/khanhtrinh/trinh/3WD_OMNI_ROBOT/diff/install/diff/share/diff/package.bash'
[3.626s] INFO:colcon.colcon_core.shell:Creating package script '/home/khanhtrinh/trinh/3WD_OMNI_ROBOT/diff/install/diff/share/diff/package.zsh'
[3.628s] Level 1:colcon.colcon_core.environment:create_file_with_runtime_dependencies(/home/khanhtrinh/trinh/3WD_OMNI_ROBOT/diff/install/diff/share/colcon-core/packages/diff)
[3.629s] Level 1:colcon.colcon_core.environment:create_environment_scripts_only(diff)
[3.630s] Level 1:colcon.colcon_core.environment:checking '/home/khanhtrinh/trinh/3WD_OMNI_ROBOT/diff/install/diff' for CMake module files
[3.631s] Level 1:colcon.colcon_core.environment:checking '/home/khanhtrinh/trinh/3WD_OMNI_ROBOT/diff/install/diff' for CMake config files
[3.632s] Level 1:colcon.colcon_core.shell:create_environment_hook('diff', 'cmake_prefix_path')
[3.632s] INFO:colcon.colcon_core.shell:Creating environment hook '/home/khanhtrinh/trinh/3WD_OMNI_ROBOT/diff/install/diff/share/diff/hook/cmake_prefix_path.ps1'
[3.633s] INFO:colcon.colcon_core.shell:Creating environment descriptor '/home/khanhtrinh/trinh/3WD_OMNI_ROBOT/diff/install/diff/share/diff/hook/cmake_prefix_path.dsv'
[3.635s] INFO:colcon.colcon_core.shell:Creating environment hook '/home/khanhtrinh/trinh/3WD_OMNI_ROBOT/diff/install/diff/share/diff/hook/cmake_prefix_path.sh'
[3.637s] Level 1:colcon.colcon_core.environment:checking '/home/khanhtrinh/trinh/3WD_OMNI_ROBOT/diff/install/diff/lib'
[3.637s] Level 1:colcon.colcon_core.environment:checking '/home/khanhtrinh/trinh/3WD_OMNI_ROBOT/diff/install/diff/bin'
[3.637s] Level 1:colcon.colcon_core.environment:checking '/home/khanhtrinh/trinh/3WD_OMNI_ROBOT/diff/install/diff/lib/pkgconfig/diff.pc'
[3.638s] Level 1:colcon.colcon_core.environment:checking '/home/khanhtrinh/trinh/3WD_OMNI_ROBOT/diff/install/diff/lib/python3.12/site-packages'
[3.640s] Level 1:colcon.colcon_core.environment:checking '/home/khanhtrinh/trinh/3WD_OMNI_ROBOT/diff/install/diff/bin'
[3.640s] INFO:colcon.colcon_core.shell:Creating package script '/home/khanhtrinh/trinh/3WD_OMNI_ROBOT/diff/install/diff/share/diff/package.ps1'
[3.642s] INFO:colcon.colcon_core.shell:Creating package descriptor '/home/khanhtrinh/trinh/3WD_OMNI_ROBOT/diff/install/diff/share/diff/package.dsv'
[3.644s] INFO:colcon.colcon_core.shell:Creating package script '/home/khanhtrinh/trinh/3WD_OMNI_ROBOT/diff/install/diff/share/diff/package.sh'
[3.645s] INFO:colcon.colcon_core.shell:Creating package script '/home/khanhtrinh/trinh/3WD_OMNI_ROBOT/diff/install/diff/share/diff/package.bash'
[3.647s] INFO:colcon.colcon_core.shell:Creating package script '/home/khanhtrinh/trinh/3WD_OMNI_ROBOT/diff/install/diff/share/diff/package.zsh'
[3.648s] Level 1:colcon.colcon_core.environment:create_file_with_runtime_dependencies(/home/khanhtrinh/trinh/3WD_OMNI_ROBOT/diff/install/diff/share/colcon-core/packages/diff)
[3.648s] DEBUG:colcon.colcon_parallel_executor.executor.parallel:closing loop
[3.650s] DEBUG:colcon.colcon_parallel_executor.executor.parallel:loop closed
[3.650s] DEBUG:colcon.colcon_parallel_executor.executor.parallel:run_until_complete finished with '0'
[3.650s] DEBUG:colcon.colcon_core.event_reactor:joining thread
[3.661s] INFO:colcon.colcon_core.plugin_system:Skipping extension 'colcon_notification.desktop_notification.terminal_notifier': Not used on non-Darwin systems
[3.662s] INFO:colcon.colcon_core.plugin_system:Skipping extension 'colcon_notification.desktop_notification.win32': Not used on non-Windows systems
[3.662s] INFO:colcon.colcon_notification.desktop_notification:Sending desktop notification using 'notify2'
[3.711s] DEBUG:colcon.colcon_core.event_reactor:joined thread
[3.712s] INFO:colcon.colcon_core.shell:Creating prefix script '/home/khanhtrinh/trinh/3WD_OMNI_ROBOT/diff/install/local_setup.ps1'
[3.714s] INFO:colcon.colcon_core.shell:Creating prefix util module '/home/khanhtrinh/trinh/3WD_OMNI_ROBOT/diff/install/_local_setup_util_ps1.py'
[3.716s] INFO:colcon.colcon_core.shell:Creating prefix chain script '/home/khanhtrinh/trinh/3WD_OMNI_ROBOT/diff/install/setup.ps1'
[3.718s] INFO:colcon.colcon_core.shell:Creating prefix script '/home/khanhtrinh/trinh/3WD_OMNI_ROBOT/diff/install/local_setup.sh'
[3.720s] INFO:colcon.colcon_core.shell:Creating prefix util module '/home/khanhtrinh/trinh/3WD_OMNI_ROBOT/diff/install/_local_setup_util_sh.py'
[3.721s] INFO:colcon.colcon_core.shell:Creating prefix chain script '/home/khanhtrinh/trinh/3WD_OMNI_ROBOT/diff/install/setup.sh'
[3.723s] INFO:colcon.colcon_core.shell:Creating prefix script '/home/khanhtrinh/trinh/3WD_OMNI_ROBOT/diff/install/local_setup.bash'
[3.724s] INFO:colcon.colcon_core.shell:Creating prefix chain script '/home/khanhtrinh/trinh/3WD_OMNI_ROBOT/diff/install/setup.bash'
[3.725s] INFO:colcon.colcon_core.shell:Creating prefix script '/home/khanhtrinh/trinh/3WD_OMNI_ROBOT/diff/install/local_setup.zsh'
[3.725s] INFO:colcon.colcon_core.shell:Creating prefix chain script '/home/khanhtrinh/trinh/3WD_OMNI_ROBOT/diff/install/setup.zsh'
