[0.013s] Invoking command in '/home/khanhtrinh/trinh/3WD_OMNI_ROBOT/diff/build/diff': CMAKE_PREFIX_PATH=${CMAKE_PREFIX_PATH}:/opt/ros/jazzy DEBUGINFOD_URLS=https://debuginfod.ubuntu.com /usr/bin/cmake --build /home/khanhtrinh/trinh/3WD_OMNI_ROBOT/diff/build/diff -- -j16 -l16
[0.100s] Invoked command in '/home/khanhtrinh/trinh/3WD_OMNI_ROBOT/diff/build/diff' returned '0': CMAKE_PREFIX_PATH=${CMAKE_PREFIX_PATH}:/opt/ros/jazzy DEBUGINFOD_URLS=https://debuginfod.ubuntu.com /usr/bin/cmake --build /home/khanhtrinh/trinh/3WD_OMNI_ROBOT/diff/build/diff -- -j16 -l16
[0.118s] Invoking command in '/home/khanhtrinh/trinh/3WD_OMNI_ROBOT/diff/build/diff': CMAKE_PREFIX_PATH=${CMAKE_PREFIX_PATH}:/opt/ros/jazzy DEBUGINFOD_URLS=https://debuginfod.ubuntu.com /usr/bin/cmake --install /home/khanhtrinh/trinh/3WD_OMNI_ROBOT/diff/build/diff
[0.134s] -- Install configuration: ""
[0.134s] -- Execute custom install script
[0.136s] -- Up-to-date symlink: /home/khanhtrinh/trinh/3WD_OMNI_ROBOT/diff/install/diff/share/diff/launch/sim.launch.py
[0.137s] -- Up-to-date symlink: /home/khanhtrinh/trinh/3WD_OMNI_ROBOT/diff/install/diff/share/diff/urdf/main.urdf.xacro
[0.137s] -- Up-to-date symlink: /home/khanhtrinh/trinh/3WD_OMNI_ROBOT/diff/install/diff/share/diff/urdf/roller.urdf.xacro
[0.137s] -- Up-to-date symlink: /home/khanhtrinh/trinh/3WD_OMNI_ROBOT/diff/install/diff/share/diff/mesh/base_cift.stl
[0.137s] -- Up-to-date symlink: /home/khanhtrinh/trinh/3WD_OMNI_ROBOT/diff/install/diff/share/diff/mesh/rim.stl
[0.138s] -- Up-to-date symlink: /home/khanhtrinh/trinh/3WD_OMNI_ROBOT/diff/install/diff/share/diff/mesh/roller.stl
[0.138s] -- Up-to-date symlink: /home/khanhtrinh/trinh/3WD_OMNI_ROBOT/diff/install/diff/share/diff/config/omni_wheel_drive_controller.yaml
[0.138s] -- Up-to-date symlink: /home/khanhtrinh/trinh/3WD_OMNI_ROBOT/diff/install/diff/share/diff/worlds/map1.sdf
[0.139s] -- Up-to-date symlink: /home/khanhtrinh/trinh/3WD_OMNI_ROBOT/diff/install/diff/lib/diff/lidar_veri_anl.py
[0.139s] -- Up-to-date symlink: /home/khanhtrinh/trinh/3WD_OMNI_ROBOT/diff/install/diff/lib/diff/lidar_veri.py
[0.139s] -- Up-to-date symlink: /home/khanhtrinh/trinh/3WD_OMNI_ROBOT/diff/install/diff/lib/diff/otonom1.py
[0.139s] -- Up-to-date symlink: /home/khanhtrinh/trinh/3WD_OMNI_ROBOT/diff/install/diff/share/ament_index/resource_index/package_run_dependencies/diff
[0.140s] -- Up-to-date symlink: /home/khanhtrinh/trinh/3WD_OMNI_ROBOT/diff/install/diff/share/ament_index/resource_index/parent_prefix_path/diff
[0.140s] -- Up-to-date symlink: /home/khanhtrinh/trinh/3WD_OMNI_ROBOT/diff/install/diff/share/diff/environment/ament_prefix_path.sh
[0.141s] -- Up-to-date symlink: /home/khanhtrinh/trinh/3WD_OMNI_ROBOT/diff/install/diff/share/diff/environment/ament_prefix_path.dsv
[0.141s] -- Up-to-date symlink: /home/khanhtrinh/trinh/3WD_OMNI_ROBOT/diff/install/diff/share/diff/environment/path.sh
[0.141s] -- Up-to-date symlink: /home/khanhtrinh/trinh/3WD_OMNI_ROBOT/diff/install/diff/share/diff/environment/path.dsv
[0.141s] -- Up-to-date symlink: /home/khanhtrinh/trinh/3WD_OMNI_ROBOT/diff/install/diff/share/diff/local_setup.bash
[0.141s] -- Up-to-date symlink: /home/khanhtrinh/trinh/3WD_OMNI_ROBOT/diff/install/diff/share/diff/local_setup.sh
[0.141s] -- Up-to-date symlink: /home/khanhtrinh/trinh/3WD_OMNI_ROBOT/diff/install/diff/share/diff/local_setup.zsh
[0.141s] -- Up-to-date symlink: /home/khanhtrinh/trinh/3WD_OMNI_ROBOT/diff/install/diff/share/diff/local_setup.dsv
[0.141s] -- Symlinking: /home/khanhtrinh/trinh/3WD_OMNI_ROBOT/diff/install/diff/share/diff/package.dsv
[0.150s] -- Up-to-date symlink: /home/khanhtrinh/trinh/3WD_OMNI_ROBOT/diff/install/diff/share/ament_index/resource_index/packages/diff
[0.150s] -- Up-to-date symlink: /home/khanhtrinh/trinh/3WD_OMNI_ROBOT/diff/install/diff/share/diff/cmake/diffConfig.cmake
[0.150s] -- Up-to-date symlink: /home/khanhtrinh/trinh/3WD_OMNI_ROBOT/diff/install/diff/share/diff/cmake/diffConfig-version.cmake
[0.150s] -- Up-to-date symlink: /home/khanhtrinh/trinh/3WD_OMNI_ROBOT/diff/install/diff/share/diff/package.xml
[0.151s] Invoked command in '/home/khanhtrinh/trinh/3WD_OMNI_ROBOT/diff/build/diff' returned '0': CMAKE_PREFIX_PATH=${CMAKE_PREFIX_PATH}:/opt/ros/jazzy DEBUGINFOD_URLS=https://debuginfod.ubuntu.com /usr/bin/cmake --install /home/khanhtrinh/trinh/3WD_OMNI_ROBOT/diff/build/diff
