-- Found ament_cmake: 2.5.6 (/opt/ros/jazzy/share/ament_cmake/cmake)
-- Override CMake install command with custom implementation using symlinks instead of copying resources
-- Found rclcpp: 28.1.18 (/opt/ros/jazzy/share/rclcpp/cmake)
-- Found rosidl_generator_c: 4.6.7 (/opt/ros/jazzy/share/rosidl_generator_c/cmake)
-- Found rosidl_generator_cpp: 4.6.7 (/opt/ros/jazzy/share/rosidl_generator_cpp/cmake)
-- Using all available rosidl_typesupport_c: rosidl_typesupport_fastrtps_c;rosidl_typesupport_introspection_c
-- Using all available rosidl_typesupport_cpp: rosidl_typesupport_fastrtps_cpp;rosidl_typesupport_introspection_cpp
-- Found rmw_implementation_cmake: 7.3.3 (/opt/ros/jazzy/share/rmw_implementation_cmake/cmake)
-- Found rmw_fastrtps_cpp: 8.4.3 (/opt/ros/jazzy/share/rmw_fastrtps_cpp/cmake)
-- Using RMW implementation 'rmw_fastrtps_cpp' as default
-- Found rclpy: 7.1.11 (/opt/ros/jazzy/share/rclpy/cmake)
-- Found std_msgs: 5.3.7 (/opt/ros/jazzy/share/std_msgs/cmake)
-- Found geometry_msgs: 5.3.7 (/opt/ros/jazzy/share/geometry_msgs/cmake)
-- Found sensor_msgs: 5.3.7 (/opt/ros/jazzy/share/sensor_msgs/cmake)
-- Found nav_msgs: 5.3.7 (/opt/ros/jazzy/share/nav_msgs/cmake)
-- Found tf2_ros: 0.36.20 (/opt/ros/jazzy/share/tf2_ros/cmake)
-- Configuring done (0.6s)
-- Generating done (0.0s)
-- Build files have been written to: /home/khanhtrinh/trinh/3WD_OMNI_ROBOT/diff/build/diff
-- Install configuration: ""
-- Execute custom install script
-- Up-to-date symlink: /home/khanhtrinh/trinh/3WD_OMNI_ROBOT/diff/install/diff/share/diff/launch/sim.launch.py
-- Up-to-date symlink: /home/khanhtrinh/trinh/3WD_OMNI_ROBOT/diff/install/diff/share/diff/urdf/main.urdf.xacro
-- Up-to-date symlink: /home/khanhtrinh/trinh/3WD_OMNI_ROBOT/diff/install/diff/share/diff/urdf/roller.urdf.xacro
-- Up-to-date symlink: /home/khanhtrinh/trinh/3WD_OMNI_ROBOT/diff/install/diff/share/diff/mesh/base_cift.stl
-- Up-to-date symlink: /home/khanhtrinh/trinh/3WD_OMNI_ROBOT/diff/install/diff/share/diff/mesh/rim.stl
-- Up-to-date symlink: /home/khanhtrinh/trinh/3WD_OMNI_ROBOT/diff/install/diff/share/diff/mesh/roller.stl
-- Up-to-date symlink: /home/khanhtrinh/trinh/3WD_OMNI_ROBOT/diff/install/diff/share/diff/config/omni_wheel_drive_controller.yaml
-- Symlinking: /home/khanhtrinh/trinh/3WD_OMNI_ROBOT/diff/install/diff/share/diff/worlds/map1.sdf
-- Up-to-date symlink: /home/khanhtrinh/trinh/3WD_OMNI_ROBOT/diff/install/diff/lib/diff/lidar_veri_anl.py
-- Up-to-date symlink: /home/khanhtrinh/trinh/3WD_OMNI_ROBOT/diff/install/diff/lib/diff/lidar_veri.py
-- Up-to-date symlink: /home/khanhtrinh/trinh/3WD_OMNI_ROBOT/diff/install/diff/lib/diff/otonom1.py
-- Up-to-date symlink: /home/khanhtrinh/trinh/3WD_OMNI_ROBOT/diff/install/diff/share/ament_index/resource_index/package_run_dependencies/diff
-- Up-to-date symlink: /home/khanhtrinh/trinh/3WD_OMNI_ROBOT/diff/install/diff/share/ament_index/resource_index/parent_prefix_path/diff
-- Up-to-date symlink: /home/khanhtrinh/trinh/3WD_OMNI_ROBOT/diff/install/diff/share/diff/environment/ament_prefix_path.sh
-- Up-to-date symlink: /home/khanhtrinh/trinh/3WD_OMNI_ROBOT/diff/install/diff/share/diff/environment/ament_prefix_path.dsv
-- Up-to-date symlink: /home/khanhtrinh/trinh/3WD_OMNI_ROBOT/diff/install/diff/share/diff/environment/path.sh
-- Up-to-date symlink: /home/khanhtrinh/trinh/3WD_OMNI_ROBOT/diff/install/diff/share/diff/environment/path.dsv
-- Up-to-date symlink: /home/khanhtrinh/trinh/3WD_OMNI_ROBOT/diff/install/diff/share/diff/local_setup.bash
-- Up-to-date symlink: /home/khanhtrinh/trinh/3WD_OMNI_ROBOT/diff/install/diff/share/diff/local_setup.sh
-- Up-to-date symlink: /home/khanhtrinh/trinh/3WD_OMNI_ROBOT/diff/install/diff/share/diff/local_setup.zsh
-- Up-to-date symlink: /home/khanhtrinh/trinh/3WD_OMNI_ROBOT/diff/install/diff/share/diff/local_setup.dsv
-- Symlinking: /home/khanhtrinh/trinh/3WD_OMNI_ROBOT/diff/install/diff/share/diff/package.dsv
-- Up-to-date symlink: /home/khanhtrinh/trinh/3WD_OMNI_ROBOT/diff/install/diff/share/ament_index/resource_index/packages/diff
-- Up-to-date symlink: /home/khanhtrinh/trinh/3WD_OMNI_ROBOT/diff/install/diff/share/diff/cmake/diffConfig.cmake
-- Up-to-date symlink: /home/khanhtrinh/trinh/3WD_OMNI_ROBOT/diff/install/diff/share/diff/cmake/diffConfig-version.cmake
-- Up-to-date symlink: /home/khanhtrinh/trinh/3WD_OMNI_ROBOT/diff/install/diff/share/diff/package.xml
