[0.007s] Invoking command in '/home/khanhtrinh/trinh/3WD_OMNI_ROBOT/diff/build/diff': CMAKE_PREFIX_PATH=${CMAKE_PREFIX_PATH}:/opt/ros/jazzy DEBUGINFOD_URLS=https://debuginfod.ubuntu.com /usr/bin/cmake --build /home/khanhtrinh/trinh/3WD_OMNI_ROBOT/diff/build/diff -- -j16 -l16
[0.034s] -- Found ament_cmake: 2.5.6 (/opt/ros/jazzy/share/ament_cmake/cmake)
[0.172s] -- Override CMake install command with custom implementation using symlinks instead of copying resources
[0.183s] -- Found rclcpp: 28.1.18 (/opt/ros/jazzy/share/rclcpp/cmake)
[0.206s] -- Found rosidl_generator_c: 4.6.7 (/opt/ros/jazzy/share/rosidl_generator_c/cmake)
[0.214s] -- Found rosidl_generator_cpp: 4.6.7 (/opt/ros/jazzy/share/rosidl_generator_cpp/cmake)
[0.224s] -- Using all available rosidl_typesupport_c: rosidl_typesupport_fastrtps_c;rosidl_typesupport_introspection_c
[0.235s] -- Using all available rosidl_typesupport_cpp: rosidl_typesupport_fastrtps_cpp;rosidl_typesupport_introspection_cpp
[0.283s] -- Found rmw_implementation_cmake: 7.3.3 (/opt/ros/jazzy/share/rmw_implementation_cmake/cmake)
[0.284s] -- Found rmw_fastrtps_cpp: 8.4.3 (/opt/ros/jazzy/share/rmw_fastrtps_cpp/cmake)
[0.336s] -- Using RMW implementation 'rmw_fastrtps_cpp' as default
[0.391s] -- Found rclpy: 7.1.11 (/opt/ros/jazzy/share/rclpy/cmake)
[0.391s] -- Found std_msgs: 5.3.7 (/opt/ros/jazzy/share/std_msgs/cmake)
[0.401s] -- Found geometry_msgs: 5.3.7 (/opt/ros/jazzy/share/geometry_msgs/cmake)
[0.414s] -- Found sensor_msgs: 5.3.7 (/opt/ros/jazzy/share/sensor_msgs/cmake)
[0.432s] -- Found nav_msgs: 5.3.7 (/opt/ros/jazzy/share/nav_msgs/cmake)
[0.451s] -- Found tf2_ros: 0.36.20 (/opt/ros/jazzy/share/tf2_ros/cmake)
[0.611s] -- Configuring done (0.6s)
[0.617s] -- Generating done (0.0s)
[0.619s] -- Build files have been written to: /home/khanhtrinh/trinh/3WD_OMNI_ROBOT/diff/build/diff
[0.639s] Invoked command in '/home/khanhtrinh/trinh/3WD_OMNI_ROBOT/diff/build/diff' returned '0': CMAKE_PREFIX_PATH=${CMAKE_PREFIX_PATH}:/opt/ros/jazzy DEBUGINFOD_URLS=https://debuginfod.ubuntu.com /usr/bin/cmake --build /home/khanhtrinh/trinh/3WD_OMNI_ROBOT/diff/build/diff -- -j16 -l16
[0.646s] Invoking command in '/home/khanhtrinh/trinh/3WD_OMNI_ROBOT/diff/build/diff': CMAKE_PREFIX_PATH=${CMAKE_PREFIX_PATH}:/opt/ros/jazzy DEBUGINFOD_URLS=https://debuginfod.ubuntu.com /usr/bin/cmake --install /home/khanhtrinh/trinh/3WD_OMNI_ROBOT/diff/build/diff
[0.651s] -- Install configuration: ""
[0.651s] -- Execute custom install script
[0.651s] -- Up-to-date symlink: /home/khanhtrinh/trinh/3WD_OMNI_ROBOT/diff/install/diff/share/diff/launch/sim.launch.py
[0.651s] -- Up-to-date symlink: /home/khanhtrinh/trinh/3WD_OMNI_ROBOT/diff/install/diff/share/diff/urdf/main.urdf.xacro
[0.651s] -- Up-to-date symlink: /home/khanhtrinh/trinh/3WD_OMNI_ROBOT/diff/install/diff/share/diff/urdf/roller.urdf.xacro
[0.651s] -- Up-to-date symlink: /home/khanhtrinh/trinh/3WD_OMNI_ROBOT/diff/install/diff/share/diff/mesh/base_cift.stl
[0.651s] -- Up-to-date symlink: /home/khanhtrinh/trinh/3WD_OMNI_ROBOT/diff/install/diff/share/diff/mesh/rim.stl
[0.651s] -- Up-to-date symlink: /home/khanhtrinh/trinh/3WD_OMNI_ROBOT/diff/install/diff/share/diff/mesh/roller.stl
[0.651s] -- Up-to-date symlink: /home/khanhtrinh/trinh/3WD_OMNI_ROBOT/diff/install/diff/share/diff/config/omni_wheel_drive_controller.yaml
[0.652s] -- Symlinking: /home/khanhtrinh/trinh/3WD_OMNI_ROBOT/diff/install/diff/share/diff/worlds/map1.sdf
[0.657s] -- Up-to-date symlink: /home/khanhtrinh/trinh/3WD_OMNI_ROBOT/diff/install/diff/lib/diff/lidar_veri_anl.py
[0.657s] -- Up-to-date symlink: /home/khanhtrinh/trinh/3WD_OMNI_ROBOT/diff/install/diff/lib/diff/lidar_veri.py
[0.657s] -- Up-to-date symlink: /home/khanhtrinh/trinh/3WD_OMNI_ROBOT/diff/install/diff/lib/diff/otonom1.py
[0.657s] -- Up-to-date symlink: /home/khanhtrinh/trinh/3WD_OMNI_ROBOT/diff/install/diff/share/ament_index/resource_index/package_run_dependencies/diff
[0.657s] -- Up-to-date symlink: /home/khanhtrinh/trinh/3WD_OMNI_ROBOT/diff/install/diff/share/ament_index/resource_index/parent_prefix_path/diff
[0.657s] -- Up-to-date symlink: /home/khanhtrinh/trinh/3WD_OMNI_ROBOT/diff/install/diff/share/diff/environment/ament_prefix_path.sh
[0.657s] -- Up-to-date symlink: /home/khanhtrinh/trinh/3WD_OMNI_ROBOT/diff/install/diff/share/diff/environment/ament_prefix_path.dsv
[0.657s] -- Up-to-date symlink: /home/khanhtrinh/trinh/3WD_OMNI_ROBOT/diff/install/diff/share/diff/environment/path.sh
[0.657s] -- Up-to-date symlink: /home/khanhtrinh/trinh/3WD_OMNI_ROBOT/diff/install/diff/share/diff/environment/path.dsv
[0.657s] -- Up-to-date symlink: /home/khanhtrinh/trinh/3WD_OMNI_ROBOT/diff/install/diff/share/diff/local_setup.bash
[0.657s] -- Up-to-date symlink: /home/khanhtrinh/trinh/3WD_OMNI_ROBOT/diff/install/diff/share/diff/local_setup.sh
[0.657s] -- Up-to-date symlink: /home/khanhtrinh/trinh/3WD_OMNI_ROBOT/diff/install/diff/share/diff/local_setup.zsh
[0.657s] -- Up-to-date symlink: /home/khanhtrinh/trinh/3WD_OMNI_ROBOT/diff/install/diff/share/diff/local_setup.dsv
[0.658s] -- Symlinking: /home/khanhtrinh/trinh/3WD_OMNI_ROBOT/diff/install/diff/share/diff/package.dsv
[0.663s] -- Up-to-date symlink: /home/khanhtrinh/trinh/3WD_OMNI_ROBOT/diff/install/diff/share/ament_index/resource_index/packages/diff
[0.663s] -- Up-to-date symlink: /home/khanhtrinh/trinh/3WD_OMNI_ROBOT/diff/install/diff/share/diff/cmake/diffConfig.cmake
[0.663s] -- Up-to-date symlink: /home/khanhtrinh/trinh/3WD_OMNI_ROBOT/diff/install/diff/share/diff/cmake/diffConfig-version.cmake
[0.663s] -- Up-to-date symlink: /home/khanhtrinh/trinh/3WD_OMNI_ROBOT/diff/install/diff/share/diff/package.xml
[0.664s] Invoked command in '/home/khanhtrinh/trinh/3WD_OMNI_ROBOT/diff/build/diff' returned '0': CMAKE_PREFIX_PATH=${CMAKE_PREFIX_PATH}:/opt/ros/jazzy DEBUGINFOD_URLS=https://debuginfod.ubuntu.com /usr/bin/cmake --install /home/khanhtrinh/trinh/3WD_OMNI_ROBOT/diff/build/diff
